0 info it worked if it ends with ok
1 verbose cli [ '/usr/local/bin/node', '/usr/local/bin/npm', 'install' ]
2 info using npm@3.3.3
3 info using node@v4.1.0
4 silly loadCurrentTree Starting
5 silly install loadCurrentTree
6 silly install readLocalPackageData
7 silly install normalizeTree
8 silly loadCurrentTree Finishing
9 silly loadIdealTree Starting
10 silly install loadIdealTree
11 silly cloneCurrentTree Starting
12 silly install cloneCurrentTreeToIdealTree
13 silly cloneCurrentTree Finishing
14 silly loadShrinkwrap Starting
15 silly install loadShrinkwrap
16 silly loadShrinkwrap Finishing
17 silly loadAllDepsIntoIdealTree Starting
18 silly install loadAllDepsIntoIdealTree
19 silly fetchNamedPackageData scrypt
20 silly mapToRegistry name scrypt
21 silly mapToRegistry using default registry
22 silly mapToRegistry registry https://registry.npmjs.org/
23 silly mapToRegistry uri https://registry.npmjs.org/scrypt
24 verbose request uri https://registry.npmjs.org/scrypt
25 verbose request no auth needed
26 info attempt registry request try #1 at 4:15:06 PM
27 verbose request using bearer token for auth
28 verbose request id 90eba77044db2af2
29 verbose etag "940HQ8FRXSCDMF6TNK7Q47NM7"
30 http request GET https://registry.npmjs.org/scrypt
31 http 304 https://registry.npmjs.org/scrypt
32 silly get cb [ 304,
32 silly get   { 'cache-control': 'max-age=60',
32 silly get     'accept-ranges': 'bytes',
32 silly get     date: 'Fri, 18 Sep 2015 23:15:07 GMT',
32 silly get     via: '1.1 varnish',
32 silly get     connection: 'keep-alive',
32 silly get     'x-served-by': 'cache-sjc3121-SJC',
32 silly get     'x-cache': 'MISS',
32 silly get     'x-cache-hits': '0',
32 silly get     'x-timer': 'S1442618107.068585,VS0,VE36' } ]
33 verbose etag https://registry.npmjs.org/scrypt from cache
34 verbose get saving scrypt to /Users/larron/.npm/registry.npmjs.org/scrypt/.cache.json
35 silly resolveWithNewModule scrypt@5.1.0 checking installable status
36 silly cache add args [ 'scrypt@^5.1.0', null ]
37 verbose cache add spec scrypt@^5.1.0
38 silly cache add parsed spec Result {
38 silly cache add   raw: 'scrypt@^5.1.0',
38 silly cache add   scope: null,
38 silly cache add   name: 'scrypt',
38 silly cache add   rawSpec: '^5.1.0',
38 silly cache add   spec: '>=5.1.0 <6.0.0',
38 silly cache add   type: 'range' }
39 silly addNamed scrypt@>=5.1.0 <6.0.0
40 verbose addNamed ">=5.1.0 <6.0.0" is a valid semver range for scrypt
41 silly addNameRange { name: 'scrypt', range: '>=5.1.0 <6.0.0', hasData: false }
42 silly mapToRegistry name scrypt
43 silly mapToRegistry using default registry
44 silly mapToRegistry registry https://registry.npmjs.org/
45 silly mapToRegistry uri https://registry.npmjs.org/scrypt
46 verbose addNameRange registry:https://registry.npmjs.org/scrypt not in flight; fetching
47 verbose get https://registry.npmjs.org/scrypt not expired, no request
48 silly addNameRange number 2 { name: 'scrypt', range: '>=5.1.0 <6.0.0', hasData: true }
49 silly addNameRange versions [ 'scrypt',
49 silly addNameRange   [ '1.0.0',
49 silly addNameRange     '1.1.0',
49 silly addNameRange     '1.2.0',
49 silly addNameRange     '1.3.0',
49 silly addNameRange     '1.3.1',
49 silly addNameRange     '1.4.0',
49 silly addNameRange     '1.4.1',
49 silly addNameRange     '1.4.2',
49 silly addNameRange     '1.5.0',
49 silly addNameRange     '1.5.1',
49 silly addNameRange     '1.5.2',
49 silly addNameRange     '1.5.3',
49 silly addNameRange     '1.6.0',
49 silly addNameRange     '1.6.1',
49 silly addNameRange     '1.6.2',
49 silly addNameRange     '1.6.3',
49 silly addNameRange     '1.7.0',
49 silly addNameRange     '1.7.1',
49 silly addNameRange     '1.7.2',
49 silly addNameRange     '1.7.3',
49 silly addNameRange     '1.7.4',
49 silly addNameRange     '2.0.0',
49 silly addNameRange     '2.0.2',
49 silly addNameRange     '3.0.0',
49 silly addNameRange     '3.0.1',
49 silly addNameRange     '4.0.0',
49 silly addNameRange     '4.0.1',
49 silly addNameRange     '4.0.2',
49 silly addNameRange     '4.0.3',
49 silly addNameRange     '4.0.4',
49 silly addNameRange     '4.0.5',
49 silly addNameRange     '4.0.6',
49 silly addNameRange     '4.0.7',
49 silly addNameRange     '5.0.0',
49 silly addNameRange     '5.1.0-0',
49 silly addNameRange     '5.1.0' ] ]
50 silly addNamed scrypt@5.1.0
51 verbose addNamed "5.1.0" is a plain semver version for scrypt
52 silly cache afterAdd scrypt@5.1.0
53 verbose afterAdd /Users/larron/.npm/scrypt/5.1.0/package/package.json not in flight; writing
54 verbose afterAdd /Users/larron/.npm/scrypt/5.1.0/package/package.json written
55 silly fetchNamedPackageData nan
56 silly mapToRegistry name nan
57 silly mapToRegistry using default registry
58 silly mapToRegistry registry https://registry.npmjs.org/
59 silly mapToRegistry uri https://registry.npmjs.org/nan
60 verbose request uri https://registry.npmjs.org/nan
61 verbose request no auth needed
62 info attempt registry request try #1 at 4:15:07 PM
63 verbose request using bearer token for auth
64 verbose etag "1L4RU1AM541YSVP1YQFXG1Y1J"
65 http request GET https://registry.npmjs.org/nan
66 http 304 https://registry.npmjs.org/nan
67 silly get cb [ 304,
67 silly get   { 'cache-control': 'max-age=60',
67 silly get     'accept-ranges': 'bytes',
67 silly get     date: 'Fri, 18 Sep 2015 23:15:07 GMT',
67 silly get     via: '1.1 varnish',
67 silly get     connection: 'keep-alive',
67 silly get     'x-served-by': 'cache-sjc3127-SJC',
67 silly get     'x-cache': 'MISS',
67 silly get     'x-cache-hits': '0',
67 silly get     'x-timer': 'S1442618107.291736,VS0,VE42' } ]
68 verbose etag https://registry.npmjs.org/nan from cache
69 verbose get saving nan to /Users/larron/.npm/registry.npmjs.org/nan/.cache.json
70 silly resolveWithNewModule nan@2.0.9 checking installable status
71 silly cache add args [ 'nan@^2.0.8', null ]
72 verbose cache add spec nan@^2.0.8
73 silly cache add parsed spec Result {
73 silly cache add   raw: 'nan@^2.0.8',
73 silly cache add   scope: null,
73 silly cache add   name: 'nan',
73 silly cache add   rawSpec: '^2.0.8',
73 silly cache add   spec: '>=2.0.8 <3.0.0',
73 silly cache add   type: 'range' }
74 silly addNamed nan@>=2.0.8 <3.0.0
75 verbose addNamed ">=2.0.8 <3.0.0" is a valid semver range for nan
76 silly addNameRange { name: 'nan', range: '>=2.0.8 <3.0.0', hasData: false }
77 silly mapToRegistry name nan
78 silly mapToRegistry using default registry
79 silly mapToRegistry registry https://registry.npmjs.org/
80 silly mapToRegistry uri https://registry.npmjs.org/nan
81 verbose addNameRange registry:https://registry.npmjs.org/nan not in flight; fetching
82 verbose get https://registry.npmjs.org/nan not expired, no request
83 silly addNameRange number 2 { name: 'nan', range: '>=2.0.8 <3.0.0', hasData: true }
84 silly addNameRange versions [ 'nan',
84 silly addNameRange   [ '0.3.0-wip',
84 silly addNameRange     '0.3.0-wip2',
84 silly addNameRange     '0.3.0',
84 silly addNameRange     '0.3.1',
84 silly addNameRange     '0.3.2',
84 silly addNameRange     '0.4.0',
84 silly addNameRange     '0.4.1',
84 silly addNameRange     '0.4.2',
84 silly addNameRange     '0.4.3',
84 silly addNameRange     '0.4.4',
84 silly addNameRange     '0.5.0',
84 silly addNameRange     '0.5.1',
84 silly addNameRange     '0.5.2',
84 silly addNameRange     '0.6.0',
84 silly addNameRange     '0.7.0',
84 silly addNameRange     '0.7.1',
84 silly addNameRange     '0.8.0',
84 silly addNameRange     '1.0.0',
84 silly addNameRange     '1.1.0',
84 silly addNameRange     '1.1.1',
84 silly addNameRange     '1.1.2',
84 silly addNameRange     '1.2.0',
84 silly addNameRange     '1.3.0',
84 silly addNameRange     '1.4.0',
84 silly addNameRange     '1.4.1',
84 silly addNameRange     '1.5.0',
84 silly addNameRange     '1.4.2',
84 silly addNameRange     '1.4.3',
84 silly addNameRange     '1.5.1',
84 silly addNameRange     '1.5.2',
84 silly addNameRange     '1.6.0',
84 silly addNameRange     '1.5.3',
84 silly addNameRange     '1.6.1',
84 silly addNameRange     '1.6.2',
84 silly addNameRange     '1.7.0',
84 silly addNameRange     '1.8.0',
84 silly addNameRange     '1.8.1',
84 silly addNameRange     '1.8.2',
84 silly addNameRange     '1.8.3',
84 silly addNameRange     '1.8.4',
84 silly addNameRange     '1.9.0',
84 silly addNameRange     '2.0.0',
84 silly addNameRange     '2.0.1',
84 silly addNameRange     '2.0.2',
84 silly addNameRange     '2.0.3',
84 silly addNameRange     '2.0.4',
84 silly addNameRange     '2.0.5',
84 silly addNameRange     '2.0.6',
84 silly addNameRange     '2.0.7',
84 silly addNameRange     '2.0.8',
84 silly addNameRange     '2.0.9' ] ]
85 silly addNamed nan@2.0.9
86 verbose addNamed "2.0.9" is a plain semver version for nan
87 silly cache afterAdd nan@2.0.9
88 verbose afterAdd /Users/larron/.npm/nan/2.0.9/package/package.json not in flight; writing
89 verbose afterAdd /Users/larron/.npm/nan/2.0.9/package/package.json written
90 silly loadAllDepsIntoIdealTree Finishing
91 silly idealTree:prePrune scrypt-bug-node-4.1@1.0.0
91 silly idealTree:prePrune ├── nan@2.0.9
91 silly idealTree:prePrune └── scrypt@5.1.0
92 silly loadIdealTree Finishing
93 silly currentTree scrypt-bug-node-4.1@1.0.0
94 silly idealTree scrypt-bug-node-4.1@1.0.0
94 silly idealTree ├── nan@2.0.9
94 silly idealTree └── scrypt@5.1.0
95 silly generateActionsToTake Starting
96 silly install generateActionsToTake
97 silly generateActionsToTake Finishing
98 silly diffTrees action count 2
99 silly diffTrees add nan@2.0.9
100 silly diffTrees add scrypt@5.1.0
101 silly decomposeActions action count 16
102 silly decomposeActions fetch nan@2.0.9
103 silly decomposeActions extract nan@2.0.9
104 silly decomposeActions preinstall nan@2.0.9
105 silly decomposeActions build nan@2.0.9
106 silly decomposeActions install nan@2.0.9
107 silly decomposeActions postinstall nan@2.0.9
108 silly decomposeActions test nan@2.0.9
109 silly decomposeActions finalize nan@2.0.9
110 silly decomposeActions fetch scrypt@5.1.0
111 silly decomposeActions extract scrypt@5.1.0
112 silly decomposeActions preinstall scrypt@5.1.0
113 silly decomposeActions build scrypt@5.1.0
114 silly decomposeActions install scrypt@5.1.0
115 silly decomposeActions postinstall scrypt@5.1.0
116 silly decomposeActions test scrypt@5.1.0
117 silly decomposeActions finalize scrypt@5.1.0
118 silly executeActions Starting
119 silly install executeActions
120 silly doSerial global-install 0
121 silly doParallel fetch 2
122 verbose lock using /Users/larron/.npm/_locks/staging-0d3f5a522ca3dfdd.lock for /Users/larron/Work/node/scrypt-bug-node-4.1/node_modules/.staging
123 silly doParallel extract 2
124 silly extract nan
125 silly extract scrypt
126 verbose unbuild node_modules/.staging/nan-a1208a35576cbef1d54933a82f3b137f
127 verbose unbuild node_modules/.staging/scrypt-82302701cda5bc6f23ba50e0df9261f9
128 silly gentlyRm /Users/larron/Work/node/scrypt-bug-node-4.1/node_modules/.staging/nan-a1208a35576cbef1d54933a82f3b137f is being purged from base /Users/larron/Work/node/scrypt-bug-node-4.1
129 silly gentlyRm /Users/larron/Work/node/scrypt-bug-node-4.1/node_modules/.staging/scrypt-82302701cda5bc6f23ba50e0df9261f9 is being purged from base /Users/larron/Work/node/scrypt-bug-node-4.1
130 verbose gentlyRm don't care about contents; nuking /Users/larron/Work/node/scrypt-bug-node-4.1/node_modules/.staging/nan-a1208a35576cbef1d54933a82f3b137f
131 verbose gentlyRm don't care about contents; nuking /Users/larron/Work/node/scrypt-bug-node-4.1/node_modules/.staging/scrypt-82302701cda5bc6f23ba50e0df9261f9
132 verbose tar unpack /Users/larron/.npm/nan/2.0.9/package.tgz
133 verbose tar unpacking to /Users/larron/Work/node/scrypt-bug-node-4.1/node_modules/.staging/nan-a1208a35576cbef1d54933a82f3b137f
134 silly gentlyRm /Users/larron/Work/node/scrypt-bug-node-4.1/node_modules/.staging/nan-a1208a35576cbef1d54933a82f3b137f is being purged
135 verbose tar unpack /Users/larron/.npm/scrypt/5.1.0/package.tgz
136 verbose tar unpacking to /Users/larron/Work/node/scrypt-bug-node-4.1/node_modules/.staging/scrypt-82302701cda5bc6f23ba50e0df9261f9
137 silly gentlyRm /Users/larron/Work/node/scrypt-bug-node-4.1/node_modules/.staging/scrypt-82302701cda5bc6f23ba50e0df9261f9 is being purged
138 verbose gentlyRm don't care about contents; nuking /Users/larron/Work/node/scrypt-bug-node-4.1/node_modules/.staging/nan-a1208a35576cbef1d54933a82f3b137f
139 verbose gentlyRm don't care about contents; nuking /Users/larron/Work/node/scrypt-bug-node-4.1/node_modules/.staging/scrypt-82302701cda5bc6f23ba50e0df9261f9
140 silly gunzTarPerm modes [ '755', '644' ]
141 silly gunzTarPerm modes [ '755', '644' ]
142 silly gunzTarPerm extractEntry package.json
143 silly gunzTarPerm modified mode [ 'package.json', 436, 420 ]
144 silly gunzTarPerm extractEntry package.json
145 silly gunzTarPerm modified mode [ 'package.json', 436, 420 ]
146 silly gunzTarPerm extractEntry README.md
147 silly gunzTarPerm modified mode [ 'README.md', 436, 420 ]
148 silly gunzTarPerm extractEntry include_dirs.js
149 silly gunzTarPerm modified mode [ 'include_dirs.js', 436, 420 ]
150 silly gunzTarPerm extractEntry .npmignore
151 silly gunzTarPerm modified mode [ '.npmignore', 436, 420 ]
152 silly gunzTarPerm extractEntry index.js
153 silly gunzTarPerm modified mode [ 'index.js', 436, 420 ]
154 silly gunzTarPerm extractEntry Readme.md
155 silly gunzTarPerm modified mode [ 'Readme.md', 436, 420 ]
156 silly gunzTarPerm extractEntry nan_converters.h
157 silly gunzTarPerm modified mode [ 'nan_converters.h', 436, 420 ]
158 silly gunzTarPerm extractEntry LICENSE.md
159 silly gunzTarPerm modified mode [ 'LICENSE.md', 436, 420 ]
160 silly gunzTarPerm extractEntry .dntrc
161 silly gunzTarPerm modified mode [ '.dntrc', 436, 420 ]
162 silly gunzTarPerm extractEntry binding.gyp
163 silly gunzTarPerm modified mode [ 'binding.gyp', 436, 420 ]
164 silly gunzTarPerm extractEntry appveyor.yml
165 silly gunzTarPerm modified mode [ 'appveyor.yml', 436, 420 ]
166 silly gunzTarPerm extractEntry src/node-boilerplate/inc/scrypt_async.h
167 silly gunzTarPerm modified mode [ 'src/node-boilerplate/inc/scrypt_async.h', 436, 420 ]
168 silly gunzTarPerm extractEntry src/node-boilerplate/inc/scrypt_common.h
169 silly gunzTarPerm modified mode [ 'src/node-boilerplate/inc/scrypt_common.h', 436, 420 ]
170 silly gunzTarPerm extractEntry doc/new.md
171 silly gunzTarPerm modified mode [ 'doc/new.md', 436, 420 ]
172 silly gunzTarPerm extractEntry doc/.build.sh
173 silly gunzTarPerm modified mode [ 'doc/.build.sh', 509, 493 ]
174 silly gunzTarPerm extractEntry src/node-boilerplate/inc/scrypt_hash_async.h
175 silly gunzTarPerm modified mode [ 'src/node-boilerplate/inc/scrypt_hash_async.h', 436, 420 ]
176 silly gunzTarPerm extractEntry src/node-boilerplate/inc/scrypt_kdf-verify_async.h
177 silly gunzTarPerm modified mode [ 'src/node-boilerplate/inc/scrypt_kdf-verify_async.h',
177 silly gunzTarPerm   436,
177 silly gunzTarPerm   420 ]
178 silly gunzTarPerm extractEntry src/node-boilerplate/inc/scrypt_kdf_async.h
179 silly gunzTarPerm modified mode [ 'src/node-boilerplate/inc/scrypt_kdf_async.h', 436, 420 ]
180 silly gunzTarPerm extractEntry src/node-boilerplate/inc/scrypt_params_async.h
181 silly gunzTarPerm modified mode [ 'src/node-boilerplate/inc/scrypt_params_async.h', 436, 420 ]
182 silly gunzTarPerm extractEntry doc/buffers.md
183 silly gunzTarPerm modified mode [ 'doc/buffers.md', 436, 420 ]
184 silly gunzTarPerm extractEntry doc/callback.md
185 silly gunzTarPerm modified mode [ 'doc/callback.md', 436, 420 ]
186 silly gunzTarPerm extractEntry src/node-boilerplate/scrypt_common.cc
187 silly gunzTarPerm modified mode [ 'src/node-boilerplate/scrypt_common.cc', 436, 420 ]
188 silly gunzTarPerm extractEntry src/node-boilerplate/scrypt_hash_async.cc
189 silly gunzTarPerm modified mode [ 'src/node-boilerplate/scrypt_hash_async.cc', 436, 420 ]
190 silly gunzTarPerm extractEntry doc/converters.md
191 silly gunzTarPerm modified mode [ 'doc/converters.md', 436, 420 ]
192 silly gunzTarPerm extractEntry doc/errors.md
193 silly gunzTarPerm modified mode [ 'doc/errors.md', 436, 420 ]
194 silly gunzTarPerm extractEntry doc/maybe_types.md
195 silly gunzTarPerm modified mode [ 'doc/maybe_types.md', 436, 420 ]
196 silly gunzTarPerm extractEntry doc/methods.md
197 silly gunzTarPerm modified mode [ 'doc/methods.md', 436, 420 ]
198 silly gunzTarPerm extractEntry src/node-boilerplate/scrypt_hash_sync.cc
199 silly gunzTarPerm modified mode [ 'src/node-boilerplate/scrypt_hash_sync.cc', 436, 420 ]
200 silly gunzTarPerm extractEntry src/node-boilerplate/scrypt_kdf-verify_async.cc
201 silly gunzTarPerm modified mode [ 'src/node-boilerplate/scrypt_kdf-verify_async.cc', 436, 420 ]
202 silly gunzTarPerm extractEntry doc/asyncworker.md
203 silly gunzTarPerm modified mode [ 'doc/asyncworker.md', 436, 420 ]
204 silly gunzTarPerm extractEntry doc/node_misc.md
205 silly gunzTarPerm modified mode [ 'doc/node_misc.md', 436, 420 ]
206 silly gunzTarPerm extractEntry src/node-boilerplate/scrypt_kdf-verify_sync.cc
207 silly gunzTarPerm modified mode [ 'src/node-boilerplate/scrypt_kdf-verify_sync.cc', 436, 420 ]
208 silly gunzTarPerm extractEntry src/node-boilerplate/scrypt_kdf_async.cc
209 silly gunzTarPerm modified mode [ 'src/node-boilerplate/scrypt_kdf_async.cc', 436, 420 ]
210 silly gunzTarPerm extractEntry doc/persistent.md
211 silly gunzTarPerm modified mode [ 'doc/persistent.md', 436, 420 ]
212 silly gunzTarPerm extractEntry doc/scopes.md
213 silly gunzTarPerm modified mode [ 'doc/scopes.md', 436, 420 ]
214 silly gunzTarPerm extractEntry src/node-boilerplate/scrypt_kdf_sync.cc
215 silly gunzTarPerm modified mode [ 'src/node-boilerplate/scrypt_kdf_sync.cc', 436, 420 ]
216 silly gunzTarPerm extractEntry src/node-boilerplate/scrypt_params_async.cc
217 silly gunzTarPerm modified mode [ 'src/node-boilerplate/scrypt_params_async.cc', 436, 420 ]
218 silly gunzTarPerm extractEntry doc/script.md
219 silly gunzTarPerm modified mode [ 'doc/script.md', 436, 420 ]
220 silly gunzTarPerm extractEntry doc/string_bytes.md
221 silly gunzTarPerm modified mode [ 'doc/string_bytes.md', 436, 420 ]
222 silly gunzTarPerm extractEntry src/node-boilerplate/scrypt_params_sync.cc
223 silly gunzTarPerm modified mode [ 'src/node-boilerplate/scrypt_params_sync.cc', 436, 420 ]
224 silly gunzTarPerm extractEntry src/scryptwrapper/hash.c
225 silly gunzTarPerm modified mode [ 'src/scryptwrapper/hash.c', 436, 420 ]
226 silly gunzTarPerm extractEntry doc/v8_internals.md
227 silly gunzTarPerm modified mode [ 'doc/v8_internals.md', 436, 420 ]
228 silly gunzTarPerm extractEntry src/scryptwrapper/inc/hash.h
229 silly gunzTarPerm modified mode [ 'src/scryptwrapper/inc/hash.h', 436, 420 ]
230 silly gunzTarPerm extractEntry src/scryptwrapper/inc/keyderivation.h
231 silly gunzTarPerm modified mode [ 'src/scryptwrapper/inc/keyderivation.h', 436, 420 ]
232 silly gunzTarPerm extractEntry doc/v8_misc.md
233 silly gunzTarPerm modified mode [ 'doc/v8_misc.md', 436, 420 ]
234 silly gunzTarPerm extractEntry nan.h
235 silly gunzTarPerm modified mode [ 'nan.h', 436, 420 ]
236 silly gunzTarPerm extractEntry src/scryptwrapper/inc/pickparams.h
237 silly gunzTarPerm modified mode [ 'src/scryptwrapper/inc/pickparams.h', 436, 420 ]
238 silly gunzTarPerm extractEntry src/scryptwrapper/keyderivation.c
239 silly gunzTarPerm modified mode [ 'src/scryptwrapper/keyderivation.c', 436, 420 ]
240 silly gunzTarPerm extractEntry nan_callbacks.h
241 silly gunzTarPerm modified mode [ 'nan_callbacks.h', 436, 420 ]
242 silly gunzTarPerm extractEntry nan_callbacks_12_inl.h
243 silly gunzTarPerm modified mode [ 'nan_callbacks_12_inl.h', 436, 420 ]
244 silly gunzTarPerm extractEntry src/scryptwrapper/pickparams.c
245 silly gunzTarPerm modified mode [ 'src/scryptwrapper/pickparams.c', 436, 420 ]
246 silly gunzTarPerm extractEntry src/util/salt.c
247 silly gunzTarPerm modified mode [ 'src/util/salt.c', 436, 420 ]
248 silly gunzTarPerm extractEntry nan_callbacks_pre_12_inl.h
249 silly gunzTarPerm modified mode [ 'nan_callbacks_pre_12_inl.h', 436, 420 ]
250 silly gunzTarPerm extractEntry nan_converters_43_inl.h
251 silly gunzTarPerm modified mode [ 'nan_converters_43_inl.h', 436, 420 ]
252 silly gunzTarPerm extractEntry src/util/salt.h
253 silly gunzTarPerm modified mode [ 'src/util/salt.h', 436, 420 ]
254 silly gunzTarPerm extractEntry .travis.yml
255 silly gunzTarPerm modified mode [ '.travis.yml', 436, 420 ]
256 silly gunzTarPerm extractEntry nan_converters_pre_43_inl.h
257 silly gunzTarPerm modified mode [ 'nan_converters_pre_43_inl.h', 436, 420 ]
258 silly gunzTarPerm extractEntry nan_implementation_12_inl.h
259 silly gunzTarPerm modified mode [ 'nan_implementation_12_inl.h', 436, 420 ]
260 silly gunzTarPerm extractEntry nan_implementation_pre_12_inl.h
261 silly gunzTarPerm modified mode [ 'nan_implementation_pre_12_inl.h', 436, 420 ]
262 silly gunzTarPerm extractEntry nan_maybe_43_inl.h
263 silly gunzTarPerm modified mode [ 'nan_maybe_43_inl.h', 436, 420 ]
264 silly gunzTarPerm extractEntry scrypt/configuration/posix_configuration/Makefile.in
265 silly gunzTarPerm modified mode [ 'scrypt/configuration/posix_configuration/Makefile.in',
265 silly gunzTarPerm   436,
265 silly gunzTarPerm   420 ]
266 silly gunzTarPerm extractEntry scrypt/configuration/posix_configuration/config.aux/depcomp
267 silly gunzTarPerm modified mode [ 'scrypt/configuration/posix_configuration/config.aux/depcomp',
267 silly gunzTarPerm   509,
267 silly gunzTarPerm   493 ]
268 silly gunzTarPerm extractEntry nan_maybe_pre_43_inl.h
269 silly gunzTarPerm modified mode [ 'nan_maybe_pre_43_inl.h', 436, 420 ]
270 silly gunzTarPerm extractEntry nan_new.h
271 silly gunzTarPerm modified mode [ 'nan_new.h', 436, 420 ]
272 silly gunzTarPerm extractEntry nan_object_wrap.h
273 silly gunzTarPerm modified mode [ 'nan_object_wrap.h', 436, 420 ]
274 silly gunzTarPerm extractEntry nan_persistent_12_inl.h
275 silly gunzTarPerm modified mode [ 'nan_persistent_12_inl.h', 436, 420 ]
276 silly gunzTarPerm extractEntry scrypt/configuration/posix_configuration/config.aux/install-sh
277 silly gunzTarPerm modified mode [ 'scrypt/configuration/posix_configuration/config.aux/install-sh',
277 silly gunzTarPerm   509,
277 silly gunzTarPerm   493 ]
278 silly gunzTarPerm extractEntry scrypt/configuration/posix_configuration/config.aux/missing
279 silly gunzTarPerm modified mode [ 'scrypt/configuration/posix_configuration/config.aux/missing',
279 silly gunzTarPerm   509,
279 silly gunzTarPerm   493 ]
280 silly gunzTarPerm extractEntry scrypt/configuration/posix_configuration/config.h.in
281 silly gunzTarPerm modified mode [ 'scrypt/configuration/posix_configuration/config.h.in',
281 silly gunzTarPerm   436,
281 silly gunzTarPerm   420 ]
282 silly gunzTarPerm extractEntry scrypt/configuration/posix_configuration/configure
283 silly gunzTarPerm modified mode [ 'scrypt/configuration/posix_configuration/configure',
283 silly gunzTarPerm   509,
283 silly gunzTarPerm   493 ]
284 silly gunzTarPerm extractEntry nan_persistent_pre_12_inl.h
285 silly gunzTarPerm modified mode [ 'nan_persistent_pre_12_inl.h', 436, 420 ]
286 silly gunzTarPerm extractEntry nan_string_bytes.h
287 silly gunzTarPerm modified mode [ 'nan_string_bytes.h', 436, 420 ]
288 silly gunzTarPerm extractEntry nan_weak.h
289 silly gunzTarPerm modified mode [ 'nan_weak.h', 436, 420 ]
290 silly gunzTarPerm extractEntry CHANGELOG.md
291 silly gunzTarPerm modified mode [ 'CHANGELOG.md', 436, 420 ]
292 silly gunzTarPerm extractEntry scrypt/configuration/posixconfig
293 silly gunzTarPerm modified mode [ 'scrypt/configuration/posixconfig', 509, 493 ]
294 silly gunzTarPerm extractEntry scrypt/scrypt-1.1.6/lib/README
295 silly gunzTarPerm modified mode [ 'scrypt/scrypt-1.1.6/lib/README', 436, 420 ]
296 silly gunzTarPerm extractEntry scrypt/scrypt-1.1.6/lib/crypto/crypto_aesctr.c
297 silly gunzTarPerm modified mode [ 'scrypt/scrypt-1.1.6/lib/crypto/crypto_aesctr.c', 436, 420 ]
298 silly gunzTarPerm extractEntry tools/package.json
299 silly gunzTarPerm modified mode [ 'tools/package.json', 436, 420 ]
300 silly gunzTarPerm extractEntry tools/README.md
301 silly gunzTarPerm modified mode [ 'tools/README.md', 436, 420 ]
302 silly gunzTarPerm extractEntry scrypt/scrypt-1.1.6/lib/crypto/crypto_aesctr.h
303 silly gunzTarPerm modified mode [ 'scrypt/scrypt-1.1.6/lib/crypto/crypto_aesctr.h', 436, 420 ]
304 silly gunzTarPerm extractEntry scrypt/scrypt-1.1.6/lib/crypto/crypto_scrypt-nosse.c
305 silly gunzTarPerm modified mode [ 'scrypt/scrypt-1.1.6/lib/crypto/crypto_scrypt-nosse.c',
305 silly gunzTarPerm   436,
305 silly gunzTarPerm   420 ]
306 silly gunzTarPerm extractEntry tools/1to2.js
307 silly gunzTarPerm modified mode [ 'tools/1to2.js', 509, 493 ]
308 silly gunzTarPerm extractEntry scrypt/scrypt-1.1.6/lib/crypto/crypto_scrypt-ref.c
309 silly gunzTarPerm modified mode [ 'scrypt/scrypt-1.1.6/lib/crypto/crypto_scrypt-ref.c',
309 silly gunzTarPerm   436,
309 silly gunzTarPerm   420 ]
310 silly gunzTarPerm extractEntry scrypt/scrypt-1.1.6/lib/crypto/crypto_scrypt-sse.c
311 silly gunzTarPerm modified mode [ 'scrypt/scrypt-1.1.6/lib/crypto/crypto_scrypt-sse.c',
311 silly gunzTarPerm   436,
311 silly gunzTarPerm   420 ]
312 silly gunzTarPerm extractEntry scrypt/scrypt-1.1.6/lib/crypto/crypto_scrypt.h
313 silly gunzTarPerm modified mode [ 'scrypt/scrypt-1.1.6/lib/crypto/crypto_scrypt.h', 436, 420 ]
314 silly gunzTarPerm extractEntry scrypt/scrypt-1.1.6/lib/crypto/sha256.c
315 silly gunzTarPerm modified mode [ 'scrypt/scrypt-1.1.6/lib/crypto/sha256.c', 436, 420 ]
316 silly gunzTarPerm extractEntry scrypt/scrypt-1.1.6/lib/crypto/sha256.h
317 silly gunzTarPerm modified mode [ 'scrypt/scrypt-1.1.6/lib/crypto/sha256.h', 436, 420 ]
318 silly gunzTarPerm extractEntry scrypt/scrypt-1.1.6/lib/scryptenc/scryptenc.c
319 silly gunzTarPerm modified mode [ 'scrypt/scrypt-1.1.6/lib/scryptenc/scryptenc.c', 436, 420 ]
320 silly gunzTarPerm extractEntry scrypt/scrypt-1.1.6/lib/scryptenc/scryptenc.h
321 silly gunzTarPerm modified mode [ 'scrypt/scrypt-1.1.6/lib/scryptenc/scryptenc.h', 436, 420 ]
322 silly gunzTarPerm extractEntry scrypt/scrypt-1.1.6/lib/scryptenc/scryptenc_cpuperf.c
323 silly gunzTarPerm modified mode [ 'scrypt/scrypt-1.1.6/lib/scryptenc/scryptenc_cpuperf.c',
323 silly gunzTarPerm   436,
323 silly gunzTarPerm   420 ]
324 silly gunzTarPerm extractEntry scrypt/scrypt-1.1.6/lib/scryptenc/scryptenc_cpuperf.h
325 silly gunzTarPerm modified mode [ 'scrypt/scrypt-1.1.6/lib/scryptenc/scryptenc_cpuperf.h',
325 silly gunzTarPerm   436,
325 silly gunzTarPerm   420 ]
326 silly gunzTarPerm extractEntry scrypt/scrypt-1.1.6/lib/util/memlimit.c
327 silly gunzTarPerm modified mode [ 'scrypt/scrypt-1.1.6/lib/util/memlimit.c', 436, 420 ]
328 silly gunzTarPerm extractEntry scrypt/scrypt-1.1.6/lib/util/memlimit.h
329 silly gunzTarPerm modified mode [ 'scrypt/scrypt-1.1.6/lib/util/memlimit.h', 436, 420 ]
330 silly gunzTarPerm extractEntry scrypt/scrypt-1.1.6/lib/util/readpass.c
331 silly gunzTarPerm modified mode [ 'scrypt/scrypt-1.1.6/lib/util/readpass.c', 436, 420 ]
332 silly gunzTarPerm extractEntry scrypt/scrypt-1.1.6/lib/util/readpass.h
333 silly gunzTarPerm modified mode [ 'scrypt/scrypt-1.1.6/lib/util/readpass.h', 436, 420 ]
334 silly gunzTarPerm extractEntry scrypt/scrypt-1.1.6/lib/util/sysendian.h
335 silly gunzTarPerm modified mode [ 'scrypt/scrypt-1.1.6/lib/util/sysendian.h', 436, 420 ]
336 silly gunzTarPerm extractEntry scrypt/scrypt-1.1.6/lib/util/warn.c
337 silly gunzTarPerm modified mode [ 'scrypt/scrypt-1.1.6/lib/util/warn.c', 436, 420 ]
338 silly gunzTarPerm extractEntry scrypt/scrypt-1.1.6/lib/util/warn.h
339 silly gunzTarPerm modified mode [ 'scrypt/scrypt-1.1.6/lib/util/warn.h', 436, 420 ]
340 silly gunzTarPerm extractEntry scrypt/scrypt-1.1.6/scrypt_platform.h
341 silly gunzTarPerm modified mode [ 'scrypt/scrypt-1.1.6/scrypt_platform.h', 436, 420 ]
342 silly gunzTarPerm extractEntry scrypt/win/gettimeofday.c
343 silly gunzTarPerm modified mode [ 'scrypt/win/gettimeofday.c', 436, 420 ]
344 silly gunzTarPerm extractEntry scrypt/win/include/config.h
345 silly gunzTarPerm modified mode [ 'scrypt/win/include/config.h', 436, 420 ]
346 silly gunzTarPerm extractEntry scrypt/win/include/gettimeofday.h
347 silly gunzTarPerm modified mode [ 'scrypt/win/include/gettimeofday.h', 436, 420 ]
348 silly gunzTarPerm extractEntry scrypt/win/include/inttypes.h
349 silly gunzTarPerm modified mode [ 'scrypt/win/include/inttypes.h', 436, 420 ]
350 silly gunzTarPerm extractEntry scrypt/win/include/stdint.h
351 silly gunzTarPerm modified mode [ 'scrypt/win/include/stdint.h', 436, 420 ]
352 silly gunzTarPerm extractEntry scrypt/win/include/sys/mman.h
353 silly gunzTarPerm modified mode [ 'scrypt/win/include/sys/mman.h', 436, 420 ]
354 silly gunzTarPerm extractEntry scrypt/win/include/unistd.h
355 silly gunzTarPerm modified mode [ 'scrypt/win/include/unistd.h', 436, 420 ]
356 silly gunzTarPerm extractEntry scrypt/win/libs/openssl_32/libeay32.lib
357 silly gunzTarPerm modified mode [ 'scrypt/win/libs/openssl_32/libeay32.lib', 436, 420 ]
358 silly gunzTarPerm extractEntry scrypt/win/libs/openssl_64/libeay32.lib
359 silly gunzTarPerm modified mode [ 'scrypt/win/libs/openssl_64/libeay32.lib', 436, 420 ]
360 silly gunzTarPerm extractEntry scrypt/win/memlimit.c
361 silly gunzTarPerm modified mode [ 'scrypt/win/memlimit.c', 436, 420 ]
362 silly gunzTarPerm extractEntry scrypt/win/mman.c
363 silly gunzTarPerm modified mode [ 'scrypt/win/mman.c', 436, 420 ]
364 silly gunzTarPerm extractEntry scrypt_node.cc
365 silly gunzTarPerm modified mode [ 'scrypt_node.cc', 436, 420 ]
366 silly gunzTarPerm extractEntry tests/scrypt-tests.js
367 silly gunzTarPerm modified mode [ 'tests/scrypt-tests.js', 436, 420 ]
368 silly doParallel preinstall 2
369 silly preinstall nan /Users/larron/Work/node/scrypt-bug-node-4.1/node_modules/.staging/nan-a1208a35576cbef1d54933a82f3b137f
370 info lifecycle nan@2.0.9~preinstall: nan@2.0.9
371 silly preinstall scrypt /Users/larron/Work/node/scrypt-bug-node-4.1/node_modules/.staging/scrypt-82302701cda5bc6f23ba50e0df9261f9
372 info lifecycle scrypt@5.1.0~preinstall: scrypt@5.1.0
373 silly lifecycle nan@2.0.9~preinstall: no script for preinstall, continuing
374 silly lifecycle scrypt@5.1.0~preinstall: no script for preinstall, continuing
375 silly doReverseSerial remove 0
376 silly doSerial move 0
377 silly doSerial finalize 2
378 silly finalize /Users/larron/Work/node/scrypt-bug-node-4.1/node_modules/nan
379 silly finalize /Users/larron/Work/node/scrypt-bug-node-4.1/node_modules/scrypt
380 silly doSerial build 2
381 silly build nan
382 info linkStuff nan@2.0.9
383 silly linkStuff nan@2.0.9 has /Users/larron/Work/node/scrypt-bug-node-4.1/node_modules as its parent node_modules
384 verbose linkBins nan@2.0.9
385 verbose linkMans nan@2.0.9
386 verbose rebuildBundles nan@2.0.9
387 silly build scrypt
388 info linkStuff scrypt@5.1.0
389 silly linkStuff scrypt@5.1.0 has /Users/larron/Work/node/scrypt-bug-node-4.1/node_modules as its parent node_modules
390 verbose linkBins scrypt@5.1.0
391 verbose linkMans scrypt@5.1.0
392 verbose rebuildBundles scrypt@5.1.0
393 silly doSerial global-link 0
394 silly doParallel update-linked 0
395 silly doSerial install 2
396 silly install nan /Users/larron/Work/node/scrypt-bug-node-4.1/node_modules/.staging/nan-a1208a35576cbef1d54933a82f3b137f
397 info lifecycle nan@2.0.9~install: nan@2.0.9
398 silly lifecycle nan@2.0.9~install: no script for install, continuing
399 silly install scrypt /Users/larron/Work/node/scrypt-bug-node-4.1/node_modules/.staging/scrypt-82302701cda5bc6f23ba50e0df9261f9
400 info lifecycle scrypt@5.1.0~install: scrypt@5.1.0
401 verbose lifecycle scrypt@5.1.0~install: unsafe-perm in lifecycle true
402 verbose lifecycle scrypt@5.1.0~install: PATH: /usr/local/lib/node_modules/npm/bin/node-gyp-bin:/Users/larron/Work/node/scrypt-bug-node-4.1/node_modules/scrypt/node_modules/.bin:/Users/larron/Work/node/scrypt-bug-node-4.1/node_modules/.bin:/usr/local/opt/php56/bin:/usr/local/bin:/usr/bin:/bin:/usr/sbin:/sbin:/Users/larron/.composer/vendor/bin
403 verbose lifecycle scrypt@5.1.0~install: CWD: /Users/larron/Work/node/scrypt-bug-node-4.1/node_modules/scrypt
404 silly lifecycle scrypt@5.1.0~install: Args: [ '-c', 'node-gyp rebuild' ]
405 silly lifecycle scrypt@5.1.0~install: Returned: code: 1  signal: null
406 info lifecycle scrypt@5.1.0~install: Failed to exec install script
407 verbose unlock done using /Users/larron/.npm/_locks/staging-0d3f5a522ca3dfdd.lock for /Users/larron/Work/node/scrypt-bug-node-4.1/node_modules/.staging
408 silly rollbackFailedOptional Starting
409 silly rollbackFailedOptional Finishing
410 silly runTopLevelLifecycles Starting
411 silly runTopLevelLifecycles Finishing
412 silly install printInstalled
413 warn EPACKAGEJSON scrypt-bug-node-4.1@1.0.0 No repository field.
414 verbose stack Error: scrypt@5.1.0 install: `node-gyp rebuild`
414 verbose stack Exit status 1
414 verbose stack     at EventEmitter.<anonymous> (/usr/local/lib/node_modules/npm/lib/utils/lifecycle.js:233:16)
414 verbose stack     at emitTwo (events.js:87:13)
414 verbose stack     at EventEmitter.emit (events.js:172:7)
414 verbose stack     at ChildProcess.<anonymous> (/usr/local/lib/node_modules/npm/lib/utils/spawn.js:24:14)
414 verbose stack     at emitTwo (events.js:87:13)
414 verbose stack     at ChildProcess.emit (events.js:172:7)
414 verbose stack     at maybeClose (internal/child_process.js:817:16)
414 verbose stack     at Process.ChildProcess._handle.onexit (internal/child_process.js:211:5)
415 verbose pkgid scrypt@5.1.0
416 verbose cwd /Users/larron/Work/node/scrypt-bug-node-4.1
417 error Darwin 14.5.0
418 error argv "/usr/local/bin/node" "/usr/local/bin/npm" "install"
419 error node v4.1.0
420 error npm  v3.3.3
421 error code ELIFECYCLE
422 error scrypt@5.1.0 install: `node-gyp rebuild`
422 error Exit status 1
423 error Failed at the scrypt@5.1.0 install script 'node-gyp rebuild'.
423 error This is most likely a problem with the scrypt package,
423 error not with npm itself.
423 error Tell the author that this fails on your system:
423 error     node-gyp rebuild
423 error You can get their info via:
423 error     npm owner ls scrypt
423 error There is likely additional logging output above.
424 verbose exit [ 1, true ]
